# JRE version: OpenJDK Runtime Environment (8.0_242-b01) (build 1.8.0_242-release-1644-b01)
# Java VM: OpenJDK 64-Bit Server VM (25.242-b01 mixed mode windows-amd64 compressed oops)
Heap:
 PSYoungGen      total 195072K, used 66632K [0x00000000e0000000, 0x00000000ed580000, 0x0000000100000000)
  eden space 181760K, 29% used [0x00000000e0000000,0x00000000e3416e48,0x00000000eb180000)
  from space 13312K, 99% used [0x00000000eb180000,0x00000000ebe7b4e0,0x00000000ebe80000)
  to   space 12800K, 0% used [0x00000000ebe80000,0x00000000ebe80000,0x00000000ecb00000)
 ParOldGen       total 65024K, used 44067K [0x00000000a0000000, 0x00000000a3f80000, 0x00000000e0000000)
  object space 65024K, 67% used [0x00000000a0000000,0x00000000a2b08d38,0x00000000a3f80000)
 Metaspace       used 65123K, capacity 68214K, committed 68520K, reserved 1107968K
  class space    used 8995K, capacity 9555K, committed 9648K, reserved 1048576K
GC Heap History (10 events):
Event: 14.545 GC heap before
{Heap before GC invocations=12 (full 2):
 PSYoungGen      total 140288K, used 129024K [0x00000000e0000000, 0x00000000ecb00000, 0x0000000100000000)
  eden space 129024K, 100% used [0x00000000e0000000,0x00000000e7e00000,0x00000000e7e00000)
  from space 11264K, 0% used [0x00000000e7e00000,0x00000000e7e00000,0x00000000e8900000)
  to   space 12800K, 0% used [0x00000000ebe80000,0x00000000ebe80000,0x00000000ecb00000)
 ParOldGen       total 65024K, used 17194K [0x00000000a0000000, 0x00000000a3f80000, 0x00000000e0000000)
  object space 65024K, 26% used [0x00000000a0000000,0x00000000a10cab78,0x00000000a3f80000)
 Metaspace       used 37944K, capacity 39504K, committed 39720K, reserved 1083392K
  class space    used 5221K, capacity 5575K, committed 5680K, reserved 1048576K
Event: 14.565 GC heap after
Heap after GC invocations=12 (full 2):
 PSYoungGen      total 194560K, used 10068K [0x00000000e0000000, 0x00000000ed580000, 0x0000000100000000)
  eden space 181760K, 0% used [0x00000000e0000000,0x00000000e0000000,0x00000000eb180000)
  from space 12800K, 78% used [0x00000000ebe80000,0x00000000ec855050,0x00000000ecb00000)
  to   space 13312K, 0% used [0x00000000eb180000,0x00000000eb180000,0x00000000ebe80000)
 ParOldGen       total 65024K, used 17202K [0x00000000a0000000, 0x00000000a3f80000, 0x00000000e0000000)
  object space 65024K, 26% used [0x00000000a0000000,0x00000000a10ccb78,0x00000000a3f80000)
 Metaspace       used 37944K, capacity 39504K, committed 39720K, reserved 1083392K
  class space    used 5221K, capacity 5575K, committed 5680K, reserved 1048576K
}
Event: 17.797 GC heap before
{Heap before GC invocations=13 (full 2):
 PSYoungGen      total 194560K, used 191828K [0x00000000e0000000, 0x00000000ed580000, 0x0000000100000000)
  eden space 181760K, 100% used [0x00000000e0000000,0x00000000eb180000,0x00000000eb180000)
  from space 12800K, 78% used [0x00000000ebe80000,0x00000000ec855050,0x00000000ecb00000)
  to   space 13312K, 0% used [0x00000000eb180000,0x00000000eb180000,0x00000000ebe80000)
 ParOldGen       total 65024K, used 17202K [0x00000000a0000000, 0x00000000a3f80000, 0x00000000e0000000)
  object space 65024K, 26% used [0x00000000a0000000,0x00000000a10ccb78,0x00000000a3f80000)
 Metaspace       used 51039K, capacity 53086K, committed 53416K, reserved 1095680K
  class space    used 6871K, capacity 7277K, committed 7344K, reserved 1048576K
Event: 17.903 GC heap after
Heap after GC invocations=13 (full 2):
 PSYoungGen      total 195072K, used 13288K [0x00000000e0000000, 0x00000000ed580000, 0x0000000100000000)
  eden space 181760K, 0% used [0x00000000e0000000,0x00000000e0000000,0x00000000eb180000)
  from space 13312K, 99% used [0x00000000eb180000,0x00000000ebe7a328,0x00000000ebe80000)
  to   space 12800K, 0% used [0x00000000ebe80000,0x00000000ebe80000,0x00000000ecb00000)
 ParOldGen       total 65024K, used 31253K [0x00000000a0000000, 0x00000000a3f80000, 0x00000000e0000000)
  object space 65024K, 48% used [0x00000000a0000000,0x00000000a1e85408,0x00000000a3f80000)
 Metaspace       used 51039K, capacity 53086K, committed 53416K, reserved 1095680K
  class space    used 6871K, capacity 7277K, committed 7344K, reserved 1048576K
}
Event: 19.923 GC heap before
{Heap before GC invocations=14 (full 2):
 PSYoungGen      total 195072K, used 101253K [0x00000000e0000000, 0x00000000ed580000, 0x0000000100000000)
  eden space 181760K, 48% used [0x00000000e0000000,0x00000000e55e7310,0x00000000eb180000)
  from space 13312K, 99% used [0x00000000eb180000,0x00000000ebe7a328,0x00000000ebe80000)
  to   space 12800K, 0% used [0x00000000ebe80000,0x00000000ebe80000,0x00000000ecb00000)
 ParOldGen       total 65024K, used 31253K [0x00000000a0000000, 0x00000000a3f80000, 0x00000000e0000000)
  object space 65024K, 48% used [0x00000000a0000000,0x00000000a1e85408,0x00000000a3f80000)
 Metaspace       used 56745K, capacity 59092K, committed 59160K, reserved 1099776K
  class space    used 7805K, capacity 8322K, committed 8368K, reserved 1048576K
Event: 19.952 GC heap after
Heap after GC invocations=14 (full 2):
 PSYoungGen      total 194560K, used 9744K [0x00000000e0000000, 0x00000000ed580000, 0x0000000100000000)
  eden space 181760K, 0% used [0x00000000e0000000,0x00000000e0000000,0x00000000eb180000)
  from space 12800K, 76% used [0x00000000ebe80000,0x00000000ec804050,0x00000000ecb00000)
  to   space 13312K, 0% used [0x00000000eb180000,0x00000000eb180000,0x00000000ebe80000)
 ParOldGen       total 65024K, used 42419K [0x00000000a0000000, 0x00000000a3f80000, 0x00000000e0000000)
  object space 65024K, 65% used [0x00000000a0000000,0x00000000a296cf38,0x00000000a3f80000)
 Metaspace       used 56745K, capacity 59092K, committed 59160K, reserved 1099776K
  class space    used 7805K, capacity 8322K, committed 8368K, reserved 1048576K
}
Event: 19.952 GC heap before
{Heap before GC invocations=15 (full 3):
 PSYoungGen      total 194560K, used 9744K [0x00000000e0000000, 0x00000000ed580000, 0x0000000100000000)
  eden space 181760K, 0% used [0x00000000e0000000,0x00000000e0000000,0x00000000eb180000)
  from space 12800K, 76% used [0x00000000ebe80000,0x00000000ec804050,0x00000000ecb00000)
  to   space 13312K, 0% used [0x00000000eb180000,0x00000000eb180000,0x00000000ebe80000)
 ParOldGen       total 65024K, used 42419K [0x00000000a0000000, 0x00000000a3f80000, 0x00000000e0000000)
  object space 65024K, 65% used [0x00000000a0000000,0x00000000a296cf38,0x00000000a3f80000)
 Metaspace       used 56745K, capacity 59092K, committed 59160K, reserved 1099776K
  class space    used 7805K, capacity 8322K, committed 8368K, reserved 1048576K
Event: 20.302 GC heap after
Heap after GC invocations=15 (full 3):
 PSYoungGen      total 194560K, used 0K [0x00000000e0000000, 0x00000000ed580000, 0x0000000100000000)
  eden space 181760K, 0% used [0x00000000e0000000,0x00000000e0000000,0x00000000eb180000)
  from space 12800K, 0% used [0x00000000ebe80000,0x00000000ebe80000,0x00000000ecb00000)
  to   space 13312K, 0% used [0x00000000eb180000,0x00000000eb180000,0x00000000ebe80000)
 ParOldGen       total 65024K, used 39188K [0x00000000a0000000, 0x00000000a3f80000, 0x00000000e0000000)
  object space 65024K, 60% used [0x00000000a0000000,0x00000000a2645128,0x00000000a3f80000)
 Metaspace       used 56725K, capacity 59026K, committed 59160K, reserved 1099776K
  class space    used 7799K, capacity 8311K, committed 8368K, reserved 1048576K
}
Event: 24.393 GC heap before
{Heap before GC invocations=16 (full 3):
 PSYoungGen      total 194560K, used 181760K [0x00000000e0000000, 0x00000000ed580000, 0x0000000100000000)
  eden space 181760K, 100% used [0x00000000e0000000,0x00000000eb180000,0x00000000eb180000)
  from space 12800K, 0% used [0x00000000ebe80000,0x00000000ebe80000,0x00000000ecb00000)
  to   space 13312K, 0% used [0x00000000eb180000,0x00000000eb180000,0x00000000ebe80000)
 ParOldGen       total 65024K, used 39188K [0x00000000a0000000, 0x00000000a3f80000, 0x00000000e0000000)
  object space 65024K, 60% used [0x00000000a0000000,0x00000000a2645128,0x00000000a3f80000)
 Metaspace       used 64836K, capacity 67964K, committed 68264K, reserved 1107968K
  class space    used 8982K, capacity 9546K, committed 9648K, reserved 1048576K
Event: 24.417 GC heap after
Heap after GC invocations=16 (full 3):
 PSYoungGen      total 195072K, used 13293K [0x00000000e0000000, 0x00000000ed580000, 0x0000000100000000)
  eden space 181760K, 0% used [0x00000000e0000000,0x00000000e0000000,0x00000000eb180000)
  from space 13312K, 99% used [0x00000000eb180000,0x00000000ebe7b4e0,0x00000000ebe80000)
  to   space 12800K, 0% used [0x00000000ebe80000,0x00000000ebe80000,0x00000000ecb00000)
 ParOldGen       total 65024K, used 44067K [0x00000000a0000000, 0x00000000a3f80000, 0x00000000e0000000)
  object space 65024K, 67% used [0x00000000a0000000,0x00000000a2b08d38,0x00000000a3f80000)
 Metaspace       used 64836K, capacity 67964K, committed 68264K, reserved 1107968K
  class space    used 8982K, capacity 9546K, committed 9648K, reserved 1048576K
}

